{
  "RSpec": {
    "coverage": {
      "/Users/mel/Turing/3mod/projects/lunch_and_learn/app/controllers/api/v1/tourist_sites_controller.rb": {
        "lines": [
          1,
          null,
          1,
          1,
          1,
          1,
          null,
          1,
          null,
          null
        ]
      },
      "/Users/mel/Turing/3mod/projects/lunch_and_learn/app/controllers/application_controller.rb": {
        "lines": [
          1,
          null
        ]
      },
      "/Users/mel/Turing/3mod/projects/lunch_and_learn/app/services/geoapify_service.rb": {
        "lines": [
          1,
          null,
          1,
          1,
          1,
          1,
          null,
          1,
          null,
          null,
          1,
          null,
          null,
          1,
          1,
          null,
          1,
          1,
          null,
          10,
          null,
          null,
          null,
          null,
          null,
          null,
          1,
          null,
          1,
          2,
          2,
          null,
          null,
          null,
          null,
          1,
          2,
          2,
          null,
          null
        ]
      },
      "/Users/mel/Turing/3mod/projects/lunch_and_learn/app/serializers/tourist_site_serializer.rb": {
        "lines": [
          1,
          1,
          null,
          11,
          1,
          null,
          1,
          10,
          null,
          null,
          1,
          10,
          null,
          null,
          1,
          10,
          null,
          null
        ]
      }
    },
    "timestamp": 1718040833
  }
}
