{
  "RSpec": {
    "coverage": {
      "/Users/mel/Turing/3mod/projects/lunch_and_learn/spec/requests/api/v1/learning_resources_request_spec.rb": {
        "lines": [
          1,
          null,
          1,
          1,
          1,
          null,
          null,
          1,
          1,
          1,
          1,
          1,
          null,
          1,
          null,
          1,
          null,
          1,
          null,
          1,
          1,
          1,
          1,
          null,
          1,
          null,
          1,
          1,
          1,
          1,
          null,
          1,
          1,
          null,
          null,
          null,
          null
        ]
      },
      "/Users/mel/Turing/3mod/projects/lunch_and_learn/spec/requests/api/v1/recipes_request_spec.rb": {
        "lines": [
          1,
          null,
          1,
          1,
          1,
          null,
          null,
          1,
          1,
          1,
          1,
          1,
          null,
          1,
          null,
          1,
          null,
          1,
          1,
          null,
          1,
          null,
          1,
          1,
          null,
          1,
          1,
          1,
          1,
          1,
          null,
          null,
          null,
          null
        ]
      },
      "/Users/mel/Turing/3mod/projects/lunch_and_learn/spec/requests/api/v1/sessions_request_spec.rb": {
        "lines": [
          1,
          null,
          1,
          1,
          1,
          null,
          1,
          null,
          null,
          null,
          null,
          null,
          null,
          null,
          null,
          1,
          null,
          null,
          null,
          null,
          1,
          1,
          null,
          1,
          null,
          1,
          null,
          null,
          null,
          1,
          1,
          1,
          1,
          1,
          null,
          null,
          null
        ]
      },
      "/Users/mel/Turing/3mod/projects/lunch_and_learn/spec/requests/api/v1/tourist_sites_request_spec.rb": {
        "lines": [
          1,
          null,
          1,
          1,
          1,
          null,
          1,
          1,
          1,
          1,
          1,
          null,
          1,
          null,
          1,
          null,
          1,
          1,
          1,
          null,
          1,
          1,
          1,
          null,
          1,
          1,
          1,
          null,
          null,
          null,
          null
        ]
      },
      "/Users/mel/Turing/3mod/projects/lunch_and_learn/spec/requests/api/v1/users_request_spec.rb": {
        "lines": [
          1,
          null,
          1,
          1,
          1,
          null,
          null,
          null,
          1,
          null,
          null,
          null,
          null,
          null,
          null,
          1,
          1,
          null,
          null,
          null,
          1,
          null,
          1,
          null,
          1,
          1,
          1,
          1,
          1,
          null,
          1,
          1,
          1,
          null,
          null,
          null
        ]
      },
      "/Users/mel/Turing/3mod/projects/lunch_and_learn/spec/services/geoapify_service_spec.rb": {
        "lines": [
          1,
          null,
          1,
          null,
          1,
          1,
          null,
          1,
          null,
          null,
          1,
          1,
          1,
          1,
          null,
          1,
          1,
          1,
          null,
          null,
          null,
          1,
          1,
          null,
          1,
          1,
          1,
          1,
          null,
          1,
          1,
          null,
          1,
          1,
          1,
          1,
          null,
          null,
          null
        ]
      },
      "/Users/mel/Turing/3mod/projects/lunch_and_learn/app/services/geoapify_service.rb": {
        "lines": [
          1,
          null,
          1,
          2,
          2,
          2,
          null,
          2,
          null,
          null,
          1,
          null,
          null,
          2,
          2,
          null,
          2,
          2,
          null,
          20,
          null,
          null,
          null,
          null,
          null,
          null,
          1,
          null,
          1,
          4,
          4,
          null,
          null,
          null,
          null,
          1,
          4,
          4,
          null,
          null
        ]
      },
      "/Users/mel/Turing/3mod/projects/lunch_and_learn/spec/services/pexel_service_spec.rb": {
        "lines": [
          1,
          null,
          1,
          null,
          1,
          1,
          null,
          1,
          null,
          null,
          1,
          1,
          1,
          1,
          null,
          1,
          null,
          1,
          null,
          1,
          10,
          null,
          10,
          10,
          null,
          10,
          10,
          null,
          null,
          null,
          null
        ]
      },
      "/Users/mel/Turing/3mod/projects/lunch_and_learn/app/services/pexel_service.rb": {
        "lines": [
          1,
          null,
          1,
          2,
          null,
          2,
          null,
          null,
          null,
          null,
          null,
          null,
          null,
          null,
          1,
          null,
          1,
          2,
          null,
          20,
          null,
          null,
          null,
          null,
          null,
          1,
          2,
          2,
          2,
          2,
          null,
          null,
          null,
          1,
          2,
          2,
          null,
          null
        ]
      },
      "/Users/mel/Turing/3mod/projects/lunch_and_learn/spec/services/recipe_service_spec.rb": {
        "lines": [
          1,
          null,
          1,
          null,
          1,
          1,
          null,
          1,
          null,
          null,
          1,
          1,
          1,
          1,
          null,
          1,
          null,
          1,
          1,
          1,
          1,
          1,
          null,
          null,
          null
        ]
      },
      "/Users/mel/Turing/3mod/projects/lunch_and_learn/app/services/recipe_service.rb": {
        "lines": [
          1,
          null,
          1,
          2,
          2,
          40,
          null,
          40,
          null,
          null,
          null,
          null,
          null,
          null,
          null,
          1,
          null,
          1,
          2,
          2,
          2,
          2,
          2,
          null,
          null,
          null,
          1,
          2,
          2,
          null,
          null
        ]
      },
      "/Users/mel/Turing/3mod/projects/lunch_and_learn/spec/services/youtube_service_spec.rb": {
        "lines": [
          1,
          null,
          1,
          null,
          1,
          1,
          null,
          1,
          null,
          null,
          1,
          1,
          1,
          1,
          null,
          1,
          1,
          null,
          1,
          1,
          null,
          1,
          1,
          null,
          null,
          null
        ]
      },
      "/Users/mel/Turing/3mod/projects/lunch_and_learn/app/services/youtube_service.rb": {
        "lines": [
          1,
          null,
          1,
          2,
          2,
          null,
          null,
          1,
          null,
          1,
          2,
          0,
          0,
          null,
          2,
          2,
          null,
          2,
          null,
          null,
          null,
          null,
          null,
          null,
          1,
          2,
          2,
          2,
          2,
          2,
          null,
          null,
          null,
          1,
          2,
          2,
          null,
          null
        ]
      },
      "/Users/mel/Turing/3mod/projects/lunch_and_learn/app/models/user.rb": {
        "lines": [
          1,
          null,
          1,
          1,
          null,
          1,
          null,
          1,
          1,
          null,
          1,
          null,
          1,
          null,
          1,
          null,
          5,
          null,
          null
        ]
      },
      "/Users/mel/Turing/3mod/projects/lunch_and_learn/app/models/application_record.rb": {
        "lines": [
          1,
          1,
          null
        ]
      },
      "/Users/mel/Turing/3mod/projects/lunch_and_learn/app/models/favorite.rb": {
        "lines": [
          1,
          1,
          null,
          1,
          null
        ]
      },
      "/Users/mel/Turing/3mod/projects/lunch_and_learn/app/controllers/api/v1/favorites_controller.rb": {
        "lines": [
          1,
          null,
          null,
          1,
          1,
          null,
          1,
          1,
          3,
          null,
          0,
          null,
          null,
          null,
          null,
          1,
          1,
          1,
          null,
          1,
          1,
          null,
          0,
          null,
          null,
          null,
          1,
          null,
          1,
          1,
          null,
          null
        ]
      },
      "/Users/mel/Turing/3mod/projects/lunch_and_learn/app/controllers/application_controller.rb": {
        "lines": [
          1,
          null
        ]
      },
      "/Users/mel/Turing/3mod/projects/lunch_and_learn/app/serializers/favorite_serializer.rb": {
        "lines": [
          1,
          1,
          null,
          1,
          null,
          1,
          null
        ]
      },
      "/Users/mel/Turing/3mod/projects/lunch_and_learn/app/controllers/api/v1/learning_resources_controller.rb": {
        "lines": [
          1,
          null,
          1,
          1,
          1,
          1,
          null,
          1,
          1,
          1,
          null,
          0,
          null,
          null,
          null,
          1,
          null,
          1,
          null,
          0,
          null,
          null,
          null,
          null,
          null,
          null,
          null,
          null,
          null,
          null,
          null
        ]
      },
      "/Users/mel/Turing/3mod/projects/lunch_and_learn/app/poros/learning_resource.rb": {
        "lines": [
          1,
          1,
          null,
          1,
          1,
          1,
          1,
          null,
          null,
          null,
          null,
          null,
          null,
          null,
          null
        ]
      },
      "/Users/mel/Turing/3mod/projects/lunch_and_learn/app/serializers/learning_resource_serializer.rb": {
        "lines": [
          1,
          1,
          null,
          2,
          1,
          null,
          1,
          null,
          null,
          null,
          null,
          null,
          null,
          null,
          null,
          null,
          null,
          null,
          null,
          null,
          null,
          null,
          null,
          null
        ]
      },
      "/Users/mel/Turing/3mod/projects/lunch_and_learn/app/controllers/api/v1/recipes_controller.rb": {
        "lines": [
          1,
          null,
          1,
          1,
          1,
          null,
          1,
          1,
          null,
          0,
          null,
          null,
          null
        ]
      },
      "/Users/mel/Turing/3mod/projects/lunch_and_learn/app/serializers/recipe_serializer.rb": {
        "lines": [
          1,
          1,
          null,
          21,
          1,
          null,
          1,
          20,
          null,
          null,
          1,
          20,
          null,
          null,
          1,
          20,
          null,
          null,
          1,
          20,
          null,
          null,
          null
        ]
      },
      "/Users/mel/Turing/3mod/projects/lunch_and_learn/app/controllers/api/v1/sessions_controller.rb": {
        "lines": [
          1,
          null,
          1,
          1,
          null,
          1,
          1,
          null,
          0,
          null,
          null,
          null
        ]
      },
      "/Users/mel/Turing/3mod/projects/lunch_and_learn/app/serializers/user_serializer.rb": {
        "lines": [
          1,
          1,
          null,
          1,
          null,
          1,
          null
        ]
      },
      "/Users/mel/Turing/3mod/projects/lunch_and_learn/app/controllers/api/v1/tourist_sites_controller.rb": {
        "lines": [
          1,
          null,
          1,
          1,
          1,
          1,
          null,
          1,
          null,
          null
        ]
      },
      "/Users/mel/Turing/3mod/projects/lunch_and_learn/app/serializers/tourist_site_serializer.rb": {
        "lines": [
          1,
          1,
          null,
          11,
          1,
          null,
          1,
          10,
          null,
          null,
          1,
          10,
          null,
          null,
          1,
          10,
          null,
          null
        ]
      },
      "/Users/mel/Turing/3mod/projects/lunch_and_learn/app/controllers/api/v1/users_controller.rb": {
        "lines": [
          1,
          null,
          1,
          1,
          1,
          null,
          1,
          1,
          null,
          0,
          null,
          null,
          0,
          null,
          null,
          null,
          1,
          null,
          1,
          1,
          null,
          null,
          null,
          null,
          null
        ]
      }
    },
    "timestamp": 1718193711
  }
}
